<?xml version="1.0" encoding="UTF-8"?>
<!-- Generated by org.testng.reporters.JUnitXMLReporter -->
<testsuite ignored="0" hostname="idayajesuss-MacBook-Pro.local" failures="0" tests="4" name="Default test" time="0.031" errors="0" timestamp="16 Jul 2022 14:41:04 GMT">
  <testcase classname="com.test.TestNg" name="tco1" time="0.009"/>
  <testcase classname="com.test.TestNg" name="tco2" time="0.001"/>
  <testcase classname="com.test.TestNg" name="tco3" time="0.001"/>
  <testcase classname="com.test.TestNg" name="tcoo" time="0.001"/>
</testsuite> <!-- Default test -->
