<?xml version="1.0" encoding="UTF-8"?>
<!-- Generated by org.testng.reporters.JUnitXMLReporter -->
<testsuite ignored="0" hostname="idayajesuss-MacBook-Pro.local" failures="0" tests="12" name="Test" time="0.041" errors="0" timestamp="18 Jul 2022 13:37:31 GMT">
  <testcase classname="com.test.SampleTest2" name="tc14" time="0.007"/>
  <testcase classname="com.test.SampleTest2" name="tco15" time="0.001"/>
  <testcase classname="com.test.SampleTest2" name="tco16" time="0.001"/>
  <testcase classname="com.test.SampleTest2" name="tco17" time="0.001"/>
  <testcase classname="com.test.SampleTest1" name="tco1" time="0.0"/>
  <testcase classname="com.test.SampleTest1" name="tco11" time="0.001"/>
  <testcase classname="com.test.SampleTest1" name="tco12" time="0.001"/>
  <testcase classname="com.test.SampleTest1" name="tco13" time="0.0"/>
  <testcase classname="com.test.TestNg" name="tco1" time="0.001"/>
  <testcase classname="com.test.TestNg" name="tco2" time="0.001"/>
  <testcase classname="com.test.TestNg" name="tco3" time="0.0"/>
  <testcase classname="com.test.TestNg" name="tcoo" time="0.0"/>
</testsuite> <!-- Test -->
