<?xml version="1.0" encoding="UTF-8"?>
<testng-results ignored="0" total="12" passed="12" failed="0" skipped="0">
  <reporter-output>
  </reporter-output>
  <suite started-at="2022-07-18T13:37:31Z" name="Suite" finished-at="2022-07-18T13:37:31Z" duration-ms="41">
    <groups>
    </groups>
    <test started-at="2022-07-18T13:37:31Z" name="Test" finished-at="2022-07-18T13:37:31Z" duration-ms="41">
      <class name="com.test.SampleTest2">
        <test-method signature="tc14()[pri:0, instance:com.test.SampleTest2@68702e03]" started-at="2022-07-18T13:37:31Z" name="tc14" finished-at="2022-07-18T13:37:31Z" duration-ms="7" status="PASS">
          <reporter-output>
          </reporter-output>
        </test-method> <!-- tc14 -->
        <test-method signature="tco15()[pri:0, instance:com.test.SampleTest2@68702e03]" started-at="2022-07-18T13:37:31Z" name="tco15" finished-at="2022-07-18T13:37:31Z" duration-ms="1" status="PASS">
          <reporter-output>
          </reporter-output>
        </test-method> <!-- tco15 -->
        <test-method signature="tco16()[pri:0, instance:com.test.SampleTest2@68702e03]" started-at="2022-07-18T13:37:31Z" name="tco16" finished-at="2022-07-18T13:37:31Z" duration-ms="1" status="PASS">
          <reporter-output>
          </reporter-output>
        </test-method> <!-- tco16 -->
        <test-method signature="tco17()[pri:0, instance:com.test.SampleTest2@68702e03]" started-at="2022-07-18T13:37:31Z" name="tco17" finished-at="2022-07-18T13:37:31Z" duration-ms="1" status="PASS">
          <reporter-output>
          </reporter-output>
        </test-method> <!-- tco17 -->
      </class> <!-- com.test.SampleTest2 -->
      <class name="com.test.TestNg">
        <test-method signature="tco1()[pri:0, instance:com.test.TestNg@2421cc4]" started-at="2022-07-18T13:37:31Z" name="tco1" finished-at="2022-07-18T13:37:31Z" duration-ms="1" status="PASS">
          <reporter-output>
          </reporter-output>
        </test-method> <!-- tco1 -->
        <test-method signature="tco2()[pri:0, instance:com.test.TestNg@2421cc4]" started-at="2022-07-18T13:37:31Z" name="tco2" finished-at="2022-07-18T13:37:31Z" duration-ms="1" status="PASS">
          <reporter-output>
          </reporter-output>
        </test-method> <!-- tco2 -->
        <test-method signature="tco3()[pri:0, instance:com.test.TestNg@2421cc4]" started-at="2022-07-18T13:37:31Z" name="tco3" finished-at="2022-07-18T13:37:31Z" duration-ms="0" status="PASS">
          <reporter-output>
          </reporter-output>
        </test-method> <!-- tco3 -->
        <test-method signature="tcoo()[pri:0, instance:com.test.TestNg@2421cc4]" started-at="2022-07-18T13:37:31Z" name="tcoo" finished-at="2022-07-18T13:37:31Z" duration-ms="0" status="PASS">
          <reporter-output>
          </reporter-output>
        </test-method> <!-- tcoo -->
      </class> <!-- com.test.TestNg -->
      <class name="com.test.SampleTest1">
        <test-method signature="tco1()[pri:0, instance:com.test.SampleTest1@7a220c9a]" started-at="2022-07-18T13:37:31Z" name="tco1" finished-at="2022-07-18T13:37:31Z" duration-ms="0" status="PASS">
          <reporter-output>
          </reporter-output>
        </test-method> <!-- tco1 -->
        <test-method signature="tco11()[pri:0, instance:com.test.SampleTest1@7a220c9a]" started-at="2022-07-18T13:37:31Z" name="tco11" finished-at="2022-07-18T13:37:31Z" duration-ms="1" status="PASS">
          <reporter-output>
          </reporter-output>
        </test-method> <!-- tco11 -->
        <test-method signature="tco12()[pri:0, instance:com.test.SampleTest1@7a220c9a]" started-at="2022-07-18T13:37:31Z" name="tco12" finished-at="2022-07-18T13:37:31Z" duration-ms="1" status="PASS">
          <reporter-output>
          </reporter-output>
        </test-method> <!-- tco12 -->
        <test-method signature="tco13()[pri:0, instance:com.test.SampleTest1@7a220c9a]" started-at="2022-07-18T13:37:31Z" name="tco13" finished-at="2022-07-18T13:37:31Z" duration-ms="0" status="PASS">
          <reporter-output>
          </reporter-output>
        </test-method> <!-- tco13 -->
      </class> <!-- com.test.SampleTest1 -->
    </test> <!-- Test -->
  </suite> <!-- Suite -->
</testng-results>
